Usando JAVA_HOME: C:\Program Files\Android\Android Studio\jbr
openjdk version "21.0.8" 2025-07-15
OpenJDK Runtime Environment (build 21.0.8+-14196175-b1038.72)
OpenJDK 64-Bit Server VM (build 21.0.8+-14196175-b1038.72, mixed mode)
Starting a Gradle Daemon, 9 stopped Daemons could not be reused, use --status for details
> Task :app:preBuild UP-TO-DATE
> Task :app:preDebugBuild UP-TO-DATE
> Task :app:mergeDebugNativeDebugMetadata NO-SOURCE
> Task :app:checkKotlinGradlePluginConfigurationErrors SKIPPED
> Task :app:generateDebugBuildConfig
> Task :app:checkDebugAarMetadata
> Task :app:processDebugNavigationResources
> Task :app:generateDebugResValues
> Task :app:compileDebugNavigationResources
> Task :app:mapDebugSourceSetPaths
> Task :app:generateDebugResources
> Task :app:packageDebugResources
> Task :app:createDebugCompatibleScreenManifests
> Task :app:extractDeepLinksDebug
> Task :app:parseDebugLocalResources
> Task :app:mergeDebugResources
> Task :app:processDebugMainManifest
> Task :app:processDebugManifest
> Task :app:mergeDebugShaders
> Task :app:javaPreCompileDebug
> Task :app:compileDebugShaders NO-SOURCE
> Task :app:generateDebugAssets UP-TO-DATE
> Task :app:mergeDebugAssets
> Task :app:compressDebugAssets
> Task :app:desugarDebugFileDependencies
> Task :app:processDebugManifestForPackage
> Task :app:checkDebugDuplicateClasses
> Task :app:mergeDebugJniLibFolders
> Task :app:mergeLibDexDebug
> Task :app:mergeDebugNativeLibs
> Task :app:validateSigningDebug
> Task :app:writeDebugAppMetadata
> Task :app:writeDebugSigningConfigVersions
> Task :app:stripDebugDebugSymbols
> Task :app:processDebugResources
> Task :app:mergeExtDexDebug
> Task :app:kspDebugKotlin
> Task :app:compileDebugKotlin
w: file:///C:/Users/josel/AndroidStudioProjects/app_ajicolor_backend_node/app%20poleras/App_Ajicolor/app/src/main/java/com/example/appajicolorgrupo4/data/CarritoModels.kt:38:40 'constructor(p0: String!, p1: String!): Locale' is deprecated. Deprecated in Java.
w: file:///C:/Users/josel/AndroidStudioProjects/app_ajicolor_backend_node/app%20poleras/App_Ajicolor/app/src/main/java/com/example/appajicolorgrupo4/data/Producto.kt:48:44 'constructor(p0: String!, p1: String!): Locale' is deprecated. Deprecated in Java.
w: file:///C:/Users/josel/AndroidStudioProjects/app_ajicolor_backend_node/app%20poleras/App_Ajicolor/app/src/main/java/com/example/appajicolorgrupo4/data/remote/SafeApiCall.kt:55:85 Java type mismatch: inferred type is 'kotlin.Nothing?', but 'kotlin.String' was expected.
w: file:///C:/Users/josel/AndroidStudioProjects/app_ajicolor_backend_node/app%20poleras/App_Ajicolor/app/src/main/java/com/example/appajicolorgrupo4/ui/components/AppTopBar.kt:35:36 'fun centerAlignedTopAppBarColors(containerColor: Color = ..., scrolledContainerColor: Color = ..., navigationIconContentColor: Color = ..., titleContentColor: Color = ..., actionIconContentColor: Color = ...): TopAppBarColors' is deprecated. Use topAppBarColors instead.
w: file:///C:/Users/josel/AndroidStudioProjects/app_ajicolor_backend_node/app%20poleras/App_Ajicolor/app/src/main/java/com/example/appajicolorgrupo4/ui/components/ColorSelector.kt:87:33 'typealias MenuAnchorType = ExposedDropdownMenuAnchorType' is deprecated. Renamed to ExposedDropdownMenuAnchorType.
w: file:///C:/Users/josel/AndroidStudioProjects/app_ajicolor_backend_node/app%20poleras/App_Ajicolor/app/src/main/java/com/example/appajicolorgrupo4/ui/components/TallaSelector.kt:64:33 'typealias MenuAnchorType = ExposedDropdownMenuAnchorType' is deprecated. Renamed to ExposedDropdownMenuAnchorType.
w: file:///C:/Users/josel/AndroidStudioProjects/app_ajicolor_backend_node/app%20poleras/App_Ajicolor/app/src/main/java/com/example/appajicolorgrupo4/ui/screens/AdminProductosScreen.kt:69:48 'val Icons.Filled.ArrowBack: ImageVector' is deprecated. Use the AutoMirrored version at Icons.AutoMirrored.Filled.ArrowBack.
w: file:///C:/Users/josel/AndroidStudioProjects/app_ajicolor_backend_node/app%20poleras/App_Ajicolor/app/src/main/java/com/example/appajicolorgrupo4/ui/screens/AdminProductosScreen.kt:332:60 'fun Modifier.menuAnchor(): Modifier' is deprecated. Use overload that takes ExposedDropdownMenuAnchorType and enabled parameters.
w: file:///C:/Users/josel/AndroidStudioProjects/app_ajicolor_backend_node/app%20poleras/App_Ajicolor/app/src/main/java/com/example/appajicolorgrupo4/ui/screens/CatalogoProductosScreen.kt:86:25 'fun SearchBar(query: String, onQueryChange: (String) -> Unit, onSearch: (String) -> Unit, active: Boolean, onActiveChange: (Boolean) -> Unit, modifier: Modifier = ..., enabled: Boolean = ..., placeholder: @Composable() ComposableFunction0<Unit>? = ..., leadingIcon: @Composable() ComposableFunction0<Unit>? = ..., trailingIcon: @Composable() ComposableFunction0<Unit>? = ..., shape: Shape = ..., colors: SearchBarColors = ..., tonalElevation: Dp = ..., shadowElevation: Dp = ..., windowInsets: WindowInsets = ..., interactionSource: MutableInteractionSource? = ..., content: @Composable() ComposableFunction1<ColumnScope, Unit>): Unit' is deprecated. Use overload which takes inputField as a parameter.
w: file:///C:/Users/josel/AndroidStudioProjects/app_ajicolor_backend_node/app%20poleras/App_Ajicolor/app/src/main/java/com/example/appajicolorgrupo4/ui/screens/SettingScreen.kt:60:52 'fun centerAlignedTopAppBarColors(containerColor: Color = ..., scrolledContainerColor: Color = ..., navigationIconContentColor: Color = ..., titleContentColor: Color = ..., actionIconContentColor: Color = ...): TopAppBarColors' is deprecated. Use topAppBarColors instead.

> Task :app:compileDebugJavaWithJavac
> Task :app:dexBuilderDebug
> Task :app:mergeDebugGlobalSynthetics
> Task :app:processDebugJavaRes
> Task :app:mergeProjectDexDebug
> Task :app:mergeDebugJavaResource
> Task :app:packageDebug
> Task :app:createDebugApkListingFileRedirect
> Task :app:assembleDebug

BUILD SUCCESSFUL in 2m 24s
40 actionable tasks: 40 executed
